6-2-2025 0:8 POST /users
6-2-2025 0:9 POST /users
7-2-2025 0:46 GET /
7-2-2025 0:46 GET /users
7-2-2025 0:46 GET /users/2
7-2-2025 0:52 DELETE /users/4
7-2-2025 0:52 DELETE /users/2
7-2-2025 0:52 GET /users
7-2-2025 0:52 GET /users
7-2-2025 0:52 GET /users/2
7-2-2025 0:53 GET /users
7-2-2025 0:53 GET /users
7-2-2025 0:53 GET /users/2
7-2-2025 0:54 GET /users
7-2-2025 0:54 DELETE /users/2
7-2-2025 0:54 DELETE /users/4
7-2-2025 0:56 GET /users
7-2-2025 0:56 DELETE /users/3
7-2-2025 0:56 GET /users/2
7-2-2025 0:56 GET /users
7-2-2025 0:56 GET /users/5
7-2-2025 0:56 GET /users
7-2-2025 0:56 GET /users/5
7-2-2025 1:4 POST /users
7-2-2025 1:6 POST /users
7-2-2025 1:6 POST /users
7-2-2025 1:8 POST /users
7-2-2025 1:9 POST /users
7-2-2025 1:10 GET /users
7-2-2025 1:12 POST /users
7-2-2025 1:13 POST /users
7-2-2025 1:13 POST /users
7-2-2025 1:13 POST /users
7-2-2025 1:13 POST /users
7-2-2025 1:14 POST /users
7-2-2025 1:14 POST /users
7-2-2025 1:14 POST /users
7-2-2025 1:14 GET /users
7-2-2025 1:15 POST /users
7-2-2025 1:15 GET /users
7-2-2025 1:15 POST /users
7-2-2025 1:15 GET /users
7-2-2025 1:15 POST /users
7-2-2025 1:15 GET /users
7-2-2025 1:15 POST /users
7-2-2025 1:15 GET /users
7-2-2025 1:16 POST /users
7-2-2025 1:16 GET /users
7-2-2025 1:16 GET /users
7-2-2025 1:17 GET /users
7-2-2025 1:18 POST /users
7-2-2025 1:18 POST /users
7-2-2025 1:19 GET /users
7-2-2025 1:19 POST /users
7-2-2025 1:19 GET /users
7-2-2025 1:19 POST /users
7-2-2025 1:19 GET /users
7-2-2025 1:19 POST /users
7-2-2025 1:19 GET /users
7-2-2025 1:19 POST /users
7-2-2025 1:19 GET /users
7-2-2025 1:19 POST /users
7-2-2025 1:19 GET /users
7-2-2025 1:21 POST /users
7-2-2025 1:21 POST /users
7-2-2025 1:21 POST /users
7-2-2025 1:21 POST /users
7-2-2025 1:21 GET /users
7-2-2025 1:24 POST /users
7-2-2025 1:24 POST /users
7-2-2025 1:25 POST /users
7-2-2025 1:25 POST /users
7-2-2025 1:30 POST /users
7-2-2025 1:32 POST /users
7-2-2025 1:33 POST /users
7-2-2025 1:33 POST /users
7-2-2025 1:33 POST /users
7-2-2025 1:35 GET /users
7-2-2025 1:36 GET /users
7-2-2025 1:36 GET /users
7-2-2025 1:36 GET /users
7-2-2025 1:37 GET /
7-2-2025 1:38 GET /users
7-2-2025 1:38 GET /users
7-2-2025 1:38 GET /users
7-2-2025 1:38 DELETE /users/3
7-2-2025 1:38 GET /users/1
7-2-2025 1:38 GET /users/17
7-2-2025 1:40 GET /users
7-2-2025 1:40 GET /users
7-2-2025 1:40 GET /users
7-2-2025 1:40 GET /users
7-2-2025 1:40 GET /users
7-2-2025 1:40 GET /users
7-2-2025 1:41 GET /users
7-2-2025 1:41 GET /users
7-2-2025 1:41 GET /users
7-2-2025 1:41 GET /users
7-2-2025 1:41 GET /users
7-2-2025 1:41 GET /users
7-2-2025 1:41 GET /users
7-2-2025 1:42 GET /
7-2-2025 1:42 GET /users
7-2-2025 1:42 POST /users
7-2-2025 1:43 POST /users
7-2-2025 1:43 GET /users
7-2-2025 1:43 GET /users
7-2-2025 1:43 POST /users
7-2-2025 1:43 POST /users
7-2-2025 1:43 POST /users
7-2-2025 1:43 POST /users
7-2-2025 1:43 POST /users
7-2-2025 1:43 POST /users
7-2-2025 1:43 POST /users
7-2-2025 1:43 POST /users
7-2-2025 1:44 POST /users
7-2-2025 1:44 GET /users/17
7-2-2025 1:44 GET /users/17
7-2-2025 1:44 GET /users/17
7-2-2025 1:44 DELETE /users/3
7-2-2025 1:44 DELETE /users/30
7-2-2025 1:44 DELETE /users/30
7-2-2025 1:44 DELETE /users/31
7-2-2025 1:45 GET /users
7-2-2025 9:44 GET /
7-2-2025 9:44 GET /
7-2-2025 9:44 GET /
7-2-2025 9:44 GET /
7-2-2025 9:45 GET /
7-2-2025 9:46 GET /
7-2-2025 9:46 GET /
7-2-2025 9:46 GET /
7-2-2025 9:46 GET /users
7-2-2025 9:46 GET /users/1
7-2-2025 9:47 POST /users
7-2-2025 9:47 GET /users
7-2-2025 9:47 GET /users
7-2-2025 9:48 GET /
7-2-2025 9:48 GET /users
7-2-2025 9:48 GET /users
7-2-2025 9:48 GET /users
7-2-2025 9:48 GET /users
7-2-2025 9:50 GET /
7-2-2025 10:0 GET /
7-2-2025 10:0 POST /users
7-2-2025 10:0 GET /users
7-2-2025 10:0 GET /users
7-2-2025 10:11 GET /users
7-2-2025 10:12 POST /users
7-2-2025 10:12 GET /
7-2-2025 10:13 GET /
7-2-2025 10:13 GET /users
7-2-2025 10:13 GET /users
7-2-2025 10:13 POST /users
7-2-2025 10:14 GET /users
7-2-2025 10:14 GET /users
7-2-2025 10:14 GET /users
7-2-2025 10:14 GET /users
7-2-2025 10:14 GET /users
7-2-2025 10:14 GET /users
7-2-2025 10:14 GET /users
7-2-2025 10:14 GET /users
7-2-2025 10:14 GET /users
7-2-2025 10:15 GET /users
7-2-2025 10:15 POST /users
7-2-2025 10:15 GET /users
7-2-2025 10:15 GET /users
7-2-2025 10:15 GET /users
7-2-2025 10:15 GET /users
7-2-2025 10:15 GET /users
7-2-2025 10:15 GET /users
7-2-2025 10:15 GET /users
7-2-2025 10:15 GET /users
7-2-2025 10:17 GET /users
7-2-2025 10:17 GET /users
7-2-2025 10:17 POST /users
7-2-2025 10:17 GET /users
7-2-2025 10:17 GET /users
7-2-2025 10:17 GET /users
7-2-2025 10:17 GET /users
7-2-2025 10:17 POST /users
7-2-2025 10:17 GET /users
7-2-2025 10:17 GET /users
7-2-2025 10:19 GET /users/1
7-2-2025 10:19 GET /users/1
7-2-2025 10:19 GET /users/1
7-2-2025 10:19 GET /users/1
7-2-2025 10:19 GET /users/1
7-2-2025 10:19 GET /users/1
7-2-2025 10:19 GET /users/1
7-2-2025 10:19 GET /users/1
7-2-2025 10:19 GET /users/1
7-2-2025 10:19 GET /users/1
7-2-2025 10:20 GET /users/1
7-2-2025 10:20 GET /users/1
7-2-2025 10:20 GET /users/1
7-2-2025 10:20 GET /
7-2-2025 10:20 GET /users
7-2-2025 10:20 POST /users
7-2-2025 10:20 GET /users
7-2-2025 10:20 POST /users
7-2-2025 10:20 POST /users
7-2-2025 10:20 POST /users
7-2-2025 10:20 POST /users
7-2-2025 10:20 POST /users
7-2-2025 10:20 POST /users
7-2-2025 10:20 GET /users
7-2-2025 10:21 POST /users
7-2-2025 10:21 GET /users/1
7-2-2025 10:21 GET /users/1
7-2-2025 10:21 GET /users/1
7-2-2025 10:21 GET /users/1
7-2-2025 10:21 GET /users/1
7-2-2025 10:21 GET /users/1
7-2-2025 10:21 GET /users/1
7-2-2025 10:21 GET /users
7-2-2025 10:21 GET /users
7-2-2025 10:21 POST /users
7-2-2025 10:22 GET /users
7-2-2025 10:22 GET /users
7-2-2025 10:22 POST /users
7-2-2025 10:23 GET /
7-2-2025 10:24 POST /users
7-2-2025 10:24 GET /users
7-2-2025 10:24 GET /users/1
7-2-2025 10:24 DELETE /users/19
7-2-2025 10:24 DELETE /users/19
7-2-2025 10:24 GET /users
7-2-2025 10:25 GET /
7-2-2025 10:25 GET /
7-2-2025 10:25 GET /
7-2-2025 10:31 GET /users
7-2-2025 10:31 GET /users
7-2-2025 10:31 GET /users
7-2-2025 10:31 GET /users
7-2-2025 10:32 GET /users
7-2-2025 10:32 GET /users
7-2-2025 10:32 POST /users
7-2-2025 10:32 GET /users
7-2-2025 10:33 POST /users
7-2-2025 10:34 POST /users
7-2-2025 10:34 POST /users
7-2-2025 10:34 POST /users
7-2-2025 10:34 GET /users
7-2-2025 11:8 GET /users
7-2-2025 11:8 PUT /users/23
7-2-2025 11:9 GET /users
7-2-2025 11:9 GET /users
7-2-2025 11:9 GET /users
7-2-2025 11:9 PUT /users/23
7-2-2025 11:9 PUT /users/23
7-2-2025 11:9 PUT /users/23
7-2-2025 11:10 PUT /users/23
7-2-2025 11:10 GET /users
7-2-2025 11:10 GET /users
7-2-2025 11:10 GET /users
7-2-2025 11:10 GET /users
7-2-2025 11:10 PUT /users/23
7-2-2025 11:10 PUT /users/23
7-2-2025 11:10 PUT /users/23
7-2-2025 11:10 PUT /users/23
7-2-2025 11:10 PUT /users/23
7-2-2025 11:10 PUT /users/23
7-2-2025 11:11 GET /users
7-2-2025 11:15 PUT /users/23
7-2-2025 11:15 GET /users
7-2-2025 11:15 GET /users
7-2-2025 11:15 PUT /users/23
7-2-2025 11:15 PUT /users/23
7-2-2025 11:15 PUT /users/23
7-2-2025 11:15 PUT /users/23
7-2-2025 11:15 PUT /users/23
7-2-2025 11:16 PUT /users/23
7-2-2025 11:16 PUT /users/23
7-2-2025 11:16 PUT /users/23
7-2-2025 11:16 PUT /users/23
7-2-2025 11:16 PUT /users/23
7-2-2025 11:16 PUT /users/23
7-2-2025 11:16 GET /users
7-2-2025 11:16 PUT /users/23
7-2-2025 11:16 PUT /users/23
7-2-2025 11:16 PUT /users/23
7-2-2025 11:16 GET /users
7-2-2025 11:16 GET /users
7-2-2025 11:16 GET /users
7-2-2025 11:16 GET /users
7-2-2025 11:16 GET /users
7-2-2025 11:16 PUT /users/23
7-2-2025 11:16 GET /users
7-2-2025 11:48 PUT /users/23
7-2-2025 11:49 PUT /users/23
7-2-2025 11:49 GET /users
7-2-2025 11:49 PUT /users/23
7-2-2025 11:50 PUT /users/23
7-2-2025 11:50 PUT /users/23
7-2-2025 11:50 PUT /users/23
7-2-2025 11:50 PUT /users/23
7-2-2025 11:51 PUT /users/23
7-2-2025 11:51 PUT /users/23
7-2-2025 11:52 PUT /users/23
7-2-2025 11:53 PUT /users/23
7-2-2025 11:53 GET /users
7-2-2025 11:53 PUT /users/21
7-2-2025 11:53 GET /users
7-2-2025 11:53 GET /users
7-2-2025 11:55 GET /
7-2-2025 11:55 GET /users
7-2-2025 11:55 GET /users/1
7-2-2025 11:56 GET /users/2
7-2-2025 11:56 GET /users/2
7-2-2025 11:57 GET /users/2
7-2-2025 11:57 GET /users/2
7-2-2025 11:57 GET /
7-2-2025 11:57 GET /users
7-2-2025 11:57 GET /users/2
7-2-2025 11:57 GET /users/2
7-2-2025 11:57 GET /users/2
7-2-2025 11:57 POST /users
7-2-2025 11:58 GET /users
7-2-2025 11:58 GET /users
7-2-2025 11:58 PUT /users/2
7-2-2025 11:58 GET /users
7-2-2025 11:58 GET /users
7-2-2025 11:58 POST /users
7-2-2025 11:58 GET /users
7-2-2025 11:58 GET /users
7-2-2025 11:58 POST /users
7-2-2025 11:58 GET /users
7-2-2025 11:58 GET /users
7-2-2025 11:58 POST /users
7-2-2025 11:59 GET /users
7-2-2025 11:59 GET /users
7-2-2025 11:59 DELETE /users/4
7-2-2025 11:59 GET /users
7-2-2025 11:59 GET /users
